<?xml version="1.0" encoding="UTF-8"?>
<!-- Generated by org.testng.reporters.JUnitReportReporter -->
<testsuite hostname="DESKTOP-3KCFVHM" failures="0" tests="3" name="FrameworkPractice.Test.SubmitOrderTest" time="60.667" errors="0" timestamp="03 Dec 2023 12:20:09 GMT" skipped="0">
  <testcase classname="FrameworkPractice.Test.SubmitOrderTest" name="submitOrder" time="24.905"/>
  <testcase classname="FrameworkPractice.Test.SubmitOrderTest" name="submitOrder" time="30.707"/>
  <testcase classname="FrameworkPractice.Test.SubmitOrderTest" name="orderProductDisplayed" time="5.055"/>
</testsuite> <!-- FrameworkPractice.Test.SubmitOrderTest -->
