<?xml version="1.0" encoding="UTF-8"?>
<!-- Generated by org.testng.reporters.JUnitReportReporter -->
<testsuite hostname="DESKTOP-3KCFVHM" failures="0" tests="3" name="FrameworkPractice.Test.SubmitOrderTest" time="77.656" errors="0" timestamp="09 Dec 2023 11:01:12 GMT" skipped="0">
  <testcase classname="FrameworkPractice.Test.SubmitOrderTest" name="submitOrder" time="24.826"/>
  <testcase classname="FrameworkPractice.Test.SubmitOrderTest" name="orderProductDisplayed" time="29.601"/>
  <testcase classname="FrameworkPractice.Test.SubmitOrderTest" name="submitOrder" time="23.229"/>
</testsuite> <!-- FrameworkPractice.Test.SubmitOrderTest -->
